<?xml version="1.0" encoding="UTF-8"?>
<!-- Generated by org.testng.reporters.JUnitReportReporter -->
<testsuite hostname="Admin-PC" name="googleTest.GoogleTest" tests="1" failures="0" timestamp="2 Oct 2016 07:26:02 GMT" time="12.280" errors="0">
  <testcase name="googleTest" time="12.280" classname="googleTest.GoogleTest"/>
</testsuite> <!-- googleTest.GoogleTest -->
