<?xml version="1.0" encoding="UTF-8"?>
<!-- Generated by org.testng.reporters.JUnitReportReporter -->
<testsuite skipped="0" hostname="Admin-PC" name="googleTest.GoogleTest" tests="1" failures="0" timestamp="2 Oct 2016 07:28:16 GMT" time="11.596" errors="0">
  <testcase name="googleTest" time="11.596" classname="googleTest.GoogleTest"/>
</testsuite> <!-- googleTest.GoogleTest -->
